-------------------------------------------------------------------------------
Test set: search Wikipedia
-------------------------------------------------------------------------------
Tests run: 2, Failures: 0, Errors: 2, Skipped: 0, Time elapsed: 0.129 s <<< FAILURE! - in search Wikipedia
EMPTY_NAME(search Wikipedia)  Time elapsed: 0.124 s  <<< ERROR!
java.lang.IllegalStateException: The driver executable does not exist: /Users/keithwong/Projects/cucumber-java-skeleton/H:\softwares\chromedriver_win32\chromedriver.exe

EMPTY_NAME(search Wikipedia)  Time elapsed: 0.004 s  <<< ERROR!
java.lang.IllegalStateException: The driver executable does not exist: /Users/keithwong/Projects/cucumber-java-skeleton/H:\softwares\chromedriver_win32\chromedriver.exe

