<?xml version="1.0" encoding="UTF-8"?>
<testsuite xmlns:xsi="http://www.w3.org/2001/XMLSchema-instance" xsi:noNamespaceSchemaLocation="https://maven.apache.org/surefire/maven-surefire-plugin/xsd/surefire-test-report.xsd" name="search Wikipedia" time="0.129" tests="2" errors="2" skipped="0" failures="0">
  <properties>
[...]
</properties>
  <testcase name="EMPTY_NAME" classname="search Wikipedia" time="0.124">
    <error message="The driver executable does not exist: /Users/keithwong/Projects/cucumber-java-skeleton/H:\softwares\chromedriver_win32\chromedriver.exe" type="java.lang.IllegalStateException">java.lang.IllegalStateException: The driver executable does not exist: /Users/keithwong/Projects/cucumber-java-skeleton/H:\softwares\chromedriver_win32\chromedriver.exe
</error>
  </testcase>
  <testcase name="EMPTY_NAME" classname="search Wikipedia" time="0.004">
    <error message="The driver executable does not exist: /Users/keithwong/Projects/cucumber-java-skeleton/H:\softwares\chromedriver_win32\chromedriver.exe" type="java.lang.IllegalStateException">java.lang.IllegalStateException: The driver executable does not exist: /Users/keithwong/Projects/cucumber-java-skeleton/H:\softwares\chromedriver_win32\chromedriver.exe
</error>
  </testcase>
</testsuite>