<?xml version="1.0" encoding="UTF-8"?>
<testsuite xmlns:xsi="http://www.w3.org/2001/XMLSchema-instance" xsi:noNamespaceSchemaLocation="https://maven.apache.org/surefire/maven-surefire-plugin/xsd/surefire-test-report.xsd" name="search Wikipedia" time="14.621" tests="2" errors="0" skipped="0" failures="0">
  <properties>
[...]
</properties>
  <testcase name="EMPTY_NAME" classname="search Wikipedia" time="9.455"/>
  <testcase name="EMPTY_NAME" classname="search Wikipedia" time="5.162"/>
</testsuite>